# JRE version: OpenJDK Runtime Environment (11.0.9.1+1) (build 11.0.9.1+1-Ubuntu-0ubuntu1.20.04)
# Java VM: OpenJDK 64-Bit Server VM (11.0.9.1+1-Ubuntu-0ubuntu1.20.04, mixed mode, sharing, tiered, compressed oops, parallel gc, linux-amd64)
Heap:
 PSYoungGen      total 11264K, used 4342K [0x00000000eab00000, 0x00000000eb780000, 0x0000000100000000)
  eden space 8192K, 50% used [0x00000000eab00000,0x00000000eaf0d970,0x00000000eb300000)
  from space 3072K, 6% used [0x00000000eb300000,0x00000000eb330000,0x00000000eb600000)
  to   space 1536K, 0% used [0x00000000eb600000,0x00000000eb600000,0x00000000eb780000)
 ParOldGen       total 333312K, used 285839K [0x00000000c0000000, 0x00000000d4580000, 0x00000000eab00000)
  object space 333312K, 85% used [0x00000000c0000000,0x00000000d1723f38,0x00000000d4580000)
 Metaspace       used 79391K, capacity 83263K, committed 84480K, reserved 1124352K
  class space    used 7395K, capacity 8728K, committed 8960K, reserved 1048576K
GC Heap History (20 events):
Event: 5393,253 GC heap before
{Heap before GC invocations=852 (full 14):
 PSYoungGen      total 11776K, used 9819K [0x00000000eab00000, 0x00000000ebb00000, 0x0000000100000000)
  eden space 8192K, 100% used [0x00000000eab00000,0x00000000eb300000,0x00000000eb300000)
  from space 3584K, 45% used [0x00000000eb400000,0x00000000eb596f68,0x00000000eb780000)
  to   space 2048K, 0% used [0x00000000eb900000,0x00000000eb900000,0x00000000ebb00000)
 ParOldGen       total 333312K, used 275419K [0x00000000c0000000, 0x00000000d4580000, 0x00000000eab00000)
  object space 333312K, 82% used [0x00000000c0000000,0x00000000d0cf6cc8,0x00000000d4580000)
 Metaspace       used 79324K, capacity 83135K, committed 84480K, reserved 1124352K
  class space    used 7395K, capacity 8728K, committed 8960K, reserved 1048576K
}
Event: 5393,259 GC heap after
{Heap after GC invocations=852 (full 14):
 PSYoungGen      total 9216K, used 896K [0x00000000eab00000, 0x00000000eba00000, 0x0000000100000000)
  eden space 8192K, 0% used [0x00000000eab00000,0x00000000eab00000,0x00000000eb300000)
  from space 1024K, 87% used [0x00000000eb900000,0x00000000eb9e0000,0x00000000eba00000)
  to   space 1536K, 0% used [0x00000000eb700000,0x00000000eb700000,0x00000000eb880000)
 ParOldGen       total 333312K, used 276892K [0x00000000c0000000, 0x00000000d4580000, 0x00000000eab00000)
  object space 333312K, 83% used [0x00000000c0000000,0x00000000d0e67340,0x00000000d4580000)
 Metaspace       used 79324K, capacity 83135K, committed 84480K, reserved 1124352K
  class space    used 7395K, capacity 8728K, committed 8960K, reserved 1048576K
}
Event: 5393,315 GC heap before
{Heap before GC invocations=853 (full 14):
 PSYoungGen      total 9216K, used 9087K [0x00000000eab00000, 0x00000000eba00000, 0x0000000100000000)
  eden space 8192K, 99% used [0x00000000eab00000,0x00000000eb2ffff0,0x00000000eb300000)
  from space 1024K, 87% used [0x00000000eb900000,0x00000000eb9e0000,0x00000000eba00000)
  to   space 1536K, 0% used [0x00000000eb700000,0x00000000eb700000,0x00000000eb880000)
 ParOldGen       total 333312K, used 276892K [0x00000000c0000000, 0x00000000d4580000, 0x00000000eab00000)
  object space 333312K, 83% used [0x00000000c0000000,0x00000000d0e67340,0x00000000d4580000)
 Metaspace       used 79324K, capacity 83135K, committed 84480K, reserved 1124352K
  class space    used 7395K, capacity 8728K, committed 8960K, reserved 1048576K
}
Event: 5393,317 GC heap after
{Heap after GC invocations=853 (full 14):
 PSYoungGen      total 9728K, used 480K [0x00000000eab00000, 0x00000000eb980000, 0x0000000100000000)
  eden space 8192K, 0% used [0x00000000eab00000,0x00000000eab00000,0x00000000eb300000)
  from space 1536K, 31% used [0x00000000eb700000,0x00000000eb778000,0x00000000eb880000)
  to   space 1024K, 0% used [0x00000000eb880000,0x00000000eb880000,0x00000000eb980000)
 ParOldGen       total 333312K, used 277596K [0x00000000c0000000, 0x00000000d4580000, 0x00000000eab00000)
  object space 333312K, 83% used [0x00000000c0000000,0x00000000d0f17130,0x00000000d4580000)
 Metaspace       used 79324K, capacity 83135K, committed 84480K, reserved 1124352K
  class space    used 7395K, capacity 8728K, committed 8960K, reserved 1048576K
}
Event: 5393,335 GC heap before
{Heap before GC invocations=854 (full 14):
 PSYoungGen      total 9728K, used 8672K [0x00000000eab00000, 0x00000000eb980000, 0x0000000100000000)
  eden space 8192K, 100% used [0x00000000eab00000,0x00000000eb300000,0x00000000eb300000)
  from space 1536K, 31% used [0x00000000eb700000,0x00000000eb778000,0x00000000eb880000)
  to   space 1024K, 0% used [0x00000000eb880000,0x00000000eb880000,0x00000000eb980000)
 ParOldGen       total 333312K, used 277596K [0x00000000c0000000, 0x00000000d4580000, 0x00000000eab00000)
  object space 333312K, 83% used [0x00000000c0000000,0x00000000d0f17130,0x00000000d4580000)
 Metaspace       used 79336K, capacity 83199K, committed 84480K, reserved 1124352K
  class space    used 7395K, capacity 8728K, committed 8960K, reserved 1048576K
}
Event: 5393,337 GC heap after
{Heap after GC invocations=854 (full 14):
 PSYoungGen      total 9216K, used 1003K [0x00000000eab00000, 0x00000000ebb00000, 0x0000000100000000)
  eden space 8192K, 0% used [0x00000000eab00000,0x00000000eab00000,0x00000000eb300000)
  from space 1024K, 98% used [0x00000000eb880000,0x00000000eb97af78,0x00000000eb980000)
  to   space 4096K, 0% used [0x00000000eb300000,0x00000000eb300000,0x00000000eb700000)
 ParOldGen       total 333312K, used 279756K [0x00000000c0000000, 0x00000000d4580000, 0x00000000eab00000)
  object space 333312K, 83% used [0x00000000c0000000,0x00000000d1133098,0x00000000d4580000)
 Metaspace       used 79336K, capacity 83199K, committed 84480K, reserved 1124352K
  class space    used 7395K, capacity 8728K, committed 8960K, reserved 1048576K
}
Event: 5393,363 GC heap before
{Heap before GC invocations=855 (full 14):
 PSYoungGen      total 9216K, used 9195K [0x00000000eab00000, 0x00000000ebb00000, 0x0000000100000000)
  eden space 8192K, 100% used [0x00000000eab00000,0x00000000eb300000,0x00000000eb300000)
  from space 1024K, 98% used [0x00000000eb880000,0x00000000eb97af78,0x00000000eb980000)
  to   space 4096K, 0% used [0x00000000eb300000,0x00000000eb300000,0x00000000eb700000)
 ParOldGen       total 333312K, used 279756K [0x00000000c0000000, 0x00000000d4580000, 0x00000000eab00000)
  object space 333312K, 83% used [0x00000000c0000000,0x00000000d1133098,0x00000000d4580000)
 Metaspace       used 79336K, capacity 83199K, committed 84480K, reserved 1124352K
  class space    used 7395K, capacity 8728K, committed 8960K, reserved 1048576K
}
Event: 5393,366 GC heap after
{Heap after GC invocations=855 (full 14):
 PSYoungGen      total 12288K, used 3722K [0x00000000eab00000, 0x00000000ebb00000, 0x0000000100000000)
  eden space 8192K, 0% used [0x00000000eab00000,0x00000000eab00000,0x00000000eb300000)
  from space 4096K, 90% used [0x00000000eb300000,0x00000000eb6a29e8,0x00000000eb700000)
  to   space 4096K, 0% used [0x00000000eb700000,0x00000000eb700000,0x00000000ebb00000)
 ParOldGen       total 333312K, used 280782K [0x00000000c0000000, 0x00000000d4580000, 0x00000000eab00000)
  object space 333312K, 84% used [0x00000000c0000000,0x00000000d1233878,0x00000000d4580000)
 Metaspace       used 79336K, capacity 83199K, committed 84480K, reserved 1124352K
  class space    used 7395K, capacity 8728K, committed 8960K, reserved 1048576K
}
Event: 5393,393 GC heap before
{Heap before GC invocations=856 (full 14):
 PSYoungGen      total 12288K, used 11914K [0x00000000eab00000, 0x00000000ebb00000, 0x0000000100000000)
  eden space 8192K, 100% used [0x00000000eab00000,0x00000000eb300000,0x00000000eb300000)
  from space 4096K, 90% used [0x00000000eb300000,0x00000000eb6a29e8,0x00000000eb700000)
  to   space 4096K, 0% used [0x00000000eb700000,0x00000000eb700000,0x00000000ebb00000)
 ParOldGen       total 333312K, used 280782K [0x00000000c0000000, 0x00000000d4580000, 0x00000000eab00000)
  object space 333312K, 84% used [0x00000000c0000000,0x00000000d1233878,0x00000000d4580000)
 Metaspace       used 79336K, capacity 83199K, committed 84480K, reserved 1124352K
  class space    used 7395K, capacity 8728K, committed 8960K, reserved 1048576K
}
Event: 5393,396 GC heap after
{Heap after GC invocations=856 (full 14):
 PSYoungGen      total 8704K, used 384K [0x00000000eab00000, 0x00000000eb780000, 0x0000000100000000)
  eden space 8192K, 0% used [0x00000000eab00000,0x00000000eab00000,0x00000000eb300000)
  from space 512K, 75% used [0x00000000eb700000,0x00000000eb760000,0x00000000eb780000)
  to   space 2048K, 0% used [0x00000000eb380000,0x00000000eb380000,0x00000000eb580000)
 ParOldGen       total 333312K, used 282339K [0x00000000c0000000, 0x00000000d4580000, 0x00000000eab00000)
  object space 333312K, 84% used [0x00000000c0000000,0x00000000d13b8c70,0x00000000d4580000)
 Metaspace       used 79336K, capacity 83199K, committed 84480K, reserved 1124352K
  class space    used 7395K, capacity 8728K, committed 8960K, reserved 1048576K
}
Event: 5393,410 GC heap before
{Heap before GC invocations=857 (full 14):
 PSYoungGen      total 8704K, used 8576K [0x00000000eab00000, 0x00000000eb780000, 0x0000000100000000)
  eden space 8192K, 100% used [0x00000000eab00000,0x00000000eb300000,0x00000000eb300000)
  from space 512K, 75% used [0x00000000eb700000,0x00000000eb760000,0x00000000eb780000)
  to   space 2048K, 0% used [0x00000000eb380000,0x00000000eb380000,0x00000000eb580000)
 ParOldGen       total 333312K, used 282339K [0x00000000c0000000, 0x00000000d4580000, 0x00000000eab00000)
  object space 333312K, 84% used [0x00000000c0000000,0x00000000d13b8c70,0x00000000d4580000)
 Metaspace       used 79336K, capacity 83199K, committed 84480K, reserved 1124352K
  class space    used 7395K, capacity 8728K, committed 8960K, reserved 1048576K
}
Event: 5393,419 GC heap after
{Heap after GC invocations=857 (full 14):
 PSYoungGen      total 10240K, used 224K [0x00000000eab00000, 0x00000000eb780000, 0x0000000100000000)
  eden space 8192K, 0% used [0x00000000eab00000,0x00000000eab00000,0x00000000eb300000)
  from space 2048K, 10% used [0x00000000eb380000,0x00000000eb3b8000,0x00000000eb580000)
  to   space 512K, 0% used [0x00000000eb700000,0x00000000eb700000,0x00000000eb780000)
 ParOldGen       total 333312K, used 282551K [0x00000000c0000000, 0x00000000d4580000, 0x00000000eab00000)
  object space 333312K, 84% used [0x00000000c0000000,0x00000000d13eddb8,0x00000000d4580000)
 Metaspace       used 79336K, capacity 83199K, committed 84480K, reserved 1124352K
  class space    used 7395K, capacity 8728K, committed 8960K, reserved 1048576K
}
Event: 5393,434 GC heap before
{Heap before GC invocations=858 (full 14):
 PSYoungGen      total 10240K, used 8416K [0x00000000eab00000, 0x00000000eb780000, 0x0000000100000000)
  eden space 8192K, 100% used [0x00000000eab00000,0x00000000eb300000,0x00000000eb300000)
  from space 2048K, 10% used [0x00000000eb380000,0x00000000eb3b8000,0x00000000eb580000)
  to   space 512K, 0% used [0x00000000eb700000,0x00000000eb700000,0x00000000eb780000)
 ParOldGen       total 333312K, used 282551K [0x00000000c0000000, 0x00000000d4580000, 0x00000000eab00000)
  object space 333312K, 84% used [0x00000000c0000000,0x00000000d13eddb8,0x00000000d4580000)
 Metaspace       used 79336K, capacity 83199K, committed 84480K, reserved 1124352K
  class space    used 7395K, capacity 8728K, committed 8960K, reserved 1048576K
}
Event: 5393,436 GC heap after
{Heap after GC invocations=858 (full 14):
 PSYoungGen      total 8704K, used 192K [0x00000000eab00000, 0x00000000eb780000, 0x0000000100000000)
  eden space 8192K, 0% used [0x00000000eab00000,0x00000000eab00000,0x00000000eb300000)
  from space 512K, 37% used [0x00000000eb700000,0x00000000eb730000,0x00000000eb780000)
  to   space 512K, 0% used [0x00000000eb680000,0x00000000eb680000,0x00000000eb700000)
 ParOldGen       total 333312K, used 282583K [0x00000000c0000000, 0x00000000d4580000, 0x00000000eab00000)
  object space 333312K, 84% used [0x00000000c0000000,0x00000000d13f5db8,0x00000000d4580000)
 Metaspace       used 79336K, capacity 83199K, committed 84480K, reserved 1124352K
  class space    used 7395K, capacity 8728K, committed 8960K, reserved 1048576K
}
Event: 5402,351 GC heap before
{Heap before GC invocations=859 (full 14):
 PSYoungGen      total 8704K, used 8384K [0x00000000eab00000, 0x00000000eb780000, 0x0000000100000000)
  eden space 8192K, 100% used [0x00000000eab00000,0x00000000eb300000,0x00000000eb300000)
  from space 512K, 37% used [0x00000000eb700000,0x00000000eb730000,0x00000000eb780000)
  to   space 512K, 0% used [0x00000000eb680000,0x00000000eb680000,0x00000000eb700000)
 ParOldGen       total 333312K, used 282583K [0x00000000c0000000, 0x00000000d4580000, 0x00000000eab00000)
  object space 333312K, 84% used [0x00000000c0000000,0x00000000d13f5db8,0x00000000d4580000)
 Metaspace       used 79355K, capacity 83263K, committed 84480K, reserved 1124352K
  class space    used 7395K, capacity 8728K, committed 8960K, reserved 1048576K
}
Event: 5402,353 GC heap after
{Heap after GC invocations=859 (full 14):
 PSYoungGen      total 8704K, used 509K [0x00000000eab00000, 0x00000000eb900000, 0x0000000100000000)
  eden space 8192K, 0% used [0x00000000eab00000,0x00000000eab00000,0x00000000eb300000)
  from space 512K, 99% used [0x00000000eb680000,0x00000000eb6ff430,0x00000000eb700000)
  to   space 2048K, 0% used [0x00000000eb700000,0x00000000eb700000,0x00000000eb900000)
 ParOldGen       total 333312K, used 284451K [0x00000000c0000000, 0x00000000d4580000, 0x00000000eab00000)
  object space 333312K, 85% used [0x00000000c0000000,0x00000000d15c8fb0,0x00000000d4580000)
 Metaspace       used 79355K, capacity 83263K, committed 84480K, reserved 1124352K
  class space    used 7395K, capacity 8728K, committed 8960K, reserved 1048576K
}
Event: 5403,387 GC heap before
{Heap before GC invocations=860 (full 14):
 PSYoungGen      total 8704K, used 8700K [0x00000000eab00000, 0x00000000eb900000, 0x0000000100000000)
  eden space 8192K, 99% used [0x00000000eab00000,0x00000000eb2fff50,0x00000000eb300000)
  from space 512K, 99% used [0x00000000eb680000,0x00000000eb6ff430,0x00000000eb700000)
  to   space 2048K, 0% used [0x00000000eb700000,0x00000000eb700000,0x00000000eb900000)
 ParOldGen       total 333312K, used 284451K [0x00000000c0000000, 0x00000000d4580000, 0x00000000eab00000)
  object space 333312K, 85% used [0x00000000c0000000,0x00000000d15c8fb0,0x00000000d4580000)
 Metaspace       used 79360K, capacity 83263K, committed 84480K, reserved 1124352K
  class space    used 7395K, capacity 8728K, committed 8960K, reserved 1048576K
}
Event: 5403,392 GC heap after
{Heap after GC invocations=860 (full 14):
 PSYoungGen      total 10240K, used 2039K [0x00000000eab00000, 0x00000000eb900000, 0x0000000100000000)
  eden space 8192K, 0% used [0x00000000eab00000,0x00000000eab00000,0x00000000eb300000)
  from space 2048K, 99% used [0x00000000eb700000,0x00000000eb8fde58,0x00000000eb900000)
  to   space 3072K, 0% used [0x00000000eb300000,0x00000000eb300000,0x00000000eb600000)
 ParOldGen       total 333312K, used 284975K [0x00000000c0000000, 0x00000000d4580000, 0x00000000eab00000)
  object space 333312K, 85% used [0x00000000c0000000,0x00000000d164bc30,0x00000000d4580000)
 Metaspace       used 79360K, capacity 83263K, committed 84480K, reserved 1124352K
  class space    used 7395K, capacity 8728K, committed 8960K, reserved 1048576K
}
Event: 7824,134 GC heap before
{Heap before GC invocations=861 (full 14):
 PSYoungGen      total 10240K, used 10231K [0x00000000eab00000, 0x00000000eb900000, 0x0000000100000000)
  eden space 8192K, 99% used [0x00000000eab00000,0x00000000eb2ffeb0,0x00000000eb300000)
  from space 2048K, 99% used [0x00000000eb700000,0x00000000eb8fde58,0x00000000eb900000)
  to   space 3072K, 0% used [0x00000000eb300000,0x00000000eb300000,0x00000000eb600000)
 ParOldGen       total 333312K, used 284975K [0x00000000c0000000, 0x00000000d4580000, 0x00000000eab00000)
  object space 333312K, 85% used [0x00000000c0000000,0x00000000d164bc30,0x00000000d4580000)
 Metaspace       used 79389K, capacity 83263K, committed 84480K, reserved 1124352K
  class space    used 7395K, capacity 8728K, committed 8960K, reserved 1048576K
}
Event: 7824,141 GC heap after
{Heap after GC invocations=861 (full 14):
 PSYoungGen      total 11264K, used 192K [0x00000000eab00000, 0x00000000eb780000, 0x0000000100000000)
  eden space 8192K, 0% used [0x00000000eab00000,0x00000000eab00000,0x00000000eb300000)
  from space 3072K, 6% used [0x00000000eb300000,0x00000000eb330000,0x00000000eb600000)
  to   space 1536K, 0% used [0x00000000eb600000,0x00000000eb600000,0x00000000eb780000)
 ParOldGen       total 333312K, used 285839K [0x00000000c0000000, 0x00000000d4580000, 0x00000000eab00000)
  object space 333312K, 85% used [0x00000000c0000000,0x00000000d1723f38,0x00000000d4580000)
 Metaspace       used 79389K, capacity 83263K, committed 84480K, reserved 1124352K
  class space    used 7395K, capacity 8728K, committed 8960K, reserved 1048576K
}

